LOAD R20 0
STORE Rb 66b
LOAD Rb 80
ADD R10 R1a R2
LOAD R19 100
SUB R11 R8 R1c
LOAD R14 180
STORE Ra 530
LOAD R1 200
SUB Rb R11 R1f
LOAD Re 0
LOAD R11 94a
LOAD R5 80
MUL R6 R5 R11
LOAD R3 100
MUL R18 R0 Rb
LOAD R1f 180
DIV Rc R7 R3
LOAD R1f 200
DIV R17 R1d R18
LOAD R7 0
SUB R2 R13 R8
LOAD R18 80
SUB R1a R10 R19
LOAD R2 100
STORE Ra 3a3
LOAD R2 180
STORE R9 8dc
LOAD R8 200
SUB R1b R10 R5
LOAD R19 0
DIV R12 R1b Rc
LOAD R1d 80
SUB R1a R14 Rc
LOAD R1c 100
MUL R19 R4 R19
LOAD R1a 180
ADD R0 R5 R4
LOAD R7 200
DIV R12 R14 R1d
LOAD R12 0
DIV Ra R1d R13
LOAD R4 80
MUL R1a R5 Ra
LOAD R1e 100
LOAD Rb aa9
LOAD R0 180
STORE R11 f69
LOAD R3 200
STORE R1c efc
LOAD R1b 0
STORE R13 48
LOAD R4 80
SUB R18 R6 Re
LOAD Rf 100
LOAD R16 9ea
LOAD R7 180
LOAD R19 1f1
LOAD R16 200
SUB R10 R14 R1f
LOAD R7 0
STORE R14 2c7
LOAD Rd 80
MUL R1c Rc Re
LOAD R6 100
SUB Rd Rf R1a
LOAD Rc 180
LOAD Rd 3fa
LOAD R0 200
SUB R18 R15 R4
LOAD R13 0
LOAD R7 d5a
LOAD R2 80
ADD Rb R3 R8
LOAD R14 100
DIV R8 R3 R4
LOAD R4 180
STORE R14 3e5
LOAD Rc 200
DIV Re Rc R19
LOAD R1c 0
LOAD R15 c97
LOAD R19 80
STORE R1d 478
LOAD R18 100
SUB Rf R15 Rc
LOAD Re 180
SUB R1c R2 Re
LOAD R1c 200
MUL R1f R10 Re
LOAD R1 0
LOAD R16 bf1
LOAD R2 80
LOAD R10 f4e
LOAD Re 100
ADD R1f R18 R1e
LOAD R19 180
STORE R11 698
LOAD R18 200
ADD R0 R2 R2
LOAD R1e 0
MUL R18 R7 R13
LOAD Rc 80
LOAD R8 1f1
LOAD R2 100
SUB Rf R1 R1c
LOAD Ra 180
STORE R3 797
LOAD R12 200
SUB R19 R13 R15
LOAD R1 0
DIV R13 R7 R3
LOAD Rc 80
ADD Rc R13 R5
LOAD R8 100
LOAD R6 ad1
LOAD R1f 180
MUL Ra R1b R1c
LOAD R8 200
STORE R7 a2d
LOAD R1a 0
SUB R18 R5 R14
LOAD Ra 80
DIV R8 R1d R11
LOAD R5 100
MUL R17 R2 R1a
LOAD R6 180
LOAD Ra d74
LOAD R18 200
SUB R13 R9 R3
LOAD R4 0
DIV R12 R14 R1c
LOAD Rd 80
ADD R11 R0 R19
LOAD R17 100
STORE Rc 196
LOAD R15 180
SUB R17 R17 R1a
LOAD R13 200
ADD Rc R19 R11
LOAD R10 0
MUL R1a R1 R1a
LOAD R0 80
DIV R18 Rb R15
LOAD R4 100
ADD R1c R10 R1f
LOAD Rc 180
MUL R18 R1c R6
LOAD R4 200
ADD R0 R16 R5
LOAD R13 0
STORE R2 cb5
LOAD R1b 80
SUB R17 R2 R3
LOAD R7 100
SUB R1 R13 Rf
LOAD R13 180
STORE Ra 5d
LOAD R2 200
MUL Ra R17 R19
LOAD R16 0
MUL R10 R10 Re
LOAD R4 80
MUL Rd R7 R2
LOAD R7 100
MUL R17 R18 R1f
LOAD R1d 180
STORE R14 6bd
LOAD R5 200
ADD R1f R1a R17
LOAD R17 0
SUB R6 R5 R12
LOAD R1f 80
LOAD R0 b34
LOAD R8 100
DIV R9 R19 R1e
LOAD R1b 180
DIV Rc R1a Re
LOAD R19 200
DIV Rf R16 R4
LOAD R2 0
DIV Rf R1d Rd
LOAD R17 80
LOAD R7 28b
LOAD R18 100
ADD R1e R0 R2
LOAD R1 180
STORE R8 469
LOAD R7 200
ADD R18 Rd Re
LOAD R18 0
LOAD R1b 7cd
LOAD R1d 80
ADD R11 Ra Rd
LOAD Rb 100
STORE R15 59
LOAD R4 180
DIV Rc R1 R1a
LOAD R19 200
MUL Rf R1f R1f
LOAD R14 0
STORE Re 90c
LOAD R1e 80
ADD R5 R3 R0
LOAD R7 100
LOAD R15 d9c
LOAD R1f 180
DIV Rc R17 R11
LOAD R16 200
SUB R2 R7 Re
LOAD Rf 0
LOAD R15 f22
LOAD R3 80
ADD Re R14 R17
LOAD R9 100
SUB R3 R19 Rb
LOAD R1f 180
MUL Rf R6 Ra
LOAD R5 200
MUL R18 R18 R10
LOAD R4 0
DIV R5 R1b R8
LOAD Re 80
MUL R18 R11 R0
LOAD R2 100
ADD R1d R9 R11
LOAD Rf 180
ADD R15 Re R1a
LOAD Rc 200
ADD R1e R6 R6
LOAD R3 0
MUL R18 R12 R8
LOAD R9 80
ADD R6 R1d R1c
LOAD R10 100
MUL R11 R19 R5
LOAD R1b 180
DIV R8 R5 R1f
LOAD R4 200
LOAD Rb 2f2
LOAD R1a 0
ADD R19 R13 R1e
LOAD R1c 80
MUL R10 Ra R1e
LOAD Rd 100
LOAD R17 ab0
LOAD R1c 180
SUB R5 R4 R0
LOAD R11 200
LOAD R1a b83
LOAD R17 0
ADD R1b R9 R1a
LOAD R11 80
MUL Ra R1f Rf
LOAD R1a 100
STORE Rf 5b9
LOAD R1c 180
STORE R3 3e9
LOAD R17 200
LOAD Rb e7d
LOAD R13 0
SUB R12 Rb R17
LOAD R19 80
DIV R8 R14 R0
LOAD R15 100
STORE R2 afb
LOAD R1b 180
DIV R1a R2 R8
LOAD Ra 200
SUB R6 R9 Rb
LOAD R1 0
ADD R14 R18 R1e
LOAD R1b 80
MUL R19 R1 R15
LOAD R8 100
DIV R15 R0 R11
LOAD Rc 180
ADD R7 R1b Rc
LOAD R4 200
DIV R19 R3 Rf
LOAD R0 0
MUL R0 R1d R1e
LOAD R1b 80
DIV R1d R1a R18
LOAD R19 100
DIV R1e R13 R17
LOAD R9 180
SUB R9 R14 R1b
LOAD R3 200
LOAD R2 8a7
LOAD R0 0
STORE R13 4d2
LOAD R9 80
SUB R1 R2 R1c
LOAD R1b 100
STORE R1c 97e
LOAD R2 180
DIV R19 R9 R1
LOAD R12 200
MUL R1b R12 R10
LOAD R2 0
STORE R3 996
LOAD R1d 80
DIV R1a R2 R1c
LOAD R12 100
MUL Rd R2 Ra
LOAD Rd 180
LOAD Ra 9a2
LOAD R5 200
SUB Re R12 R19
LOAD R14 0
SUB R4 R3 R7
LOAD R19 80
SUB R8 R1e R8
LOAD Rf 100
SUB R8 R14 Rd
LOAD R8 180
LOAD R13 78f
LOAD R8 200
ADD Ra Rf Rf
LOAD R6 0
ADD R8 Rf R6
LOAD R10 80
DIV R0 R1 R7
LOAD R1 100
STORE R19 56c
LOAD R6 180
STORE R8 b5
LOAD R2 200
MUL R3 R11 Rb
LOAD R10 0
LOAD R15 7e6
LOAD Re 80
STORE Rc 2a4
LOAD Rd 100
MUL R16 R8 R13
LOAD R9 180
MUL R1e R1e R1a
LOAD R0 200
LOAD R16 d1
LOAD R13 0
STORE Rc 1d5
LOAD R15 80
LOAD Rd 98b
LOAD R2 100
STORE R1e 5ad
LOAD R14 180
ADD R1c R12 R13
LOAD R14 200
LOAD R4 9cd
LOAD R14 0
DIV R10 R2 R1a
LOAD R1f 80
LOAD Rd b1e
LOAD Rf 100
ADD R1 R1d R3
LOAD R11 180
ADD R17 R1a R14
LOAD Rc 200
ADD Rc R15 R2
LOAD R9 0
SUB Re R7 R19
LOAD R1a 80
SUB R1d R18 Rd
LOAD R1c 100
ADD Rb R13 R0
LOAD Rc 180
ADD R10 R5 R5
LOAD R14 200
DIV R18 Rb R1e
LOAD R0 0
ADD R14 R0 Ra
LOAD R2 80
SUB R9 R3 R15
LOAD R13 100
DIV R6 R12 R1f
LOAD Re 180
STORE Rf 23f
LOAD R10 200
LOAD R3 626
LOAD Rc 0
ADD R0 Ra R18
LOAD Rf 80
DIV R1a R3 Rb
LOAD Rb 100
DIV Re R13 R1f
LOAD R11 180
STORE R4 9b6
LOAD R1f 200
SUB R1f R4 Rf
LOAD R11 0
MUL R7 R1a R1a
LOAD Rb 80
STORE R5 b58
LOAD Ra 100
STORE R11 f77
LOAD R5 180
LOAD Re fff
LOAD Rf 200
MUL R1f R17 R1c
LOAD Ra 0
SUB Re R6 R17
LOAD R4 80
ADD R16 R11 R1d
LOAD R1e 100
SUB R17 Rb R11
LOAD R1b 180
MUL R19 R11 R3
LOAD R15 200
DIV R1 R1e R1f
LOAD Re 0
LOAD R18 7bc
LOAD R9 80
STORE R12 85c
LOAD Rc 100
DIV Rf Rb R12
LOAD R1b 180
ADD Rd Re R1a
LOAD R18 200
MUL R1e Rf R6
LOAD R3 0
LOAD R14 707
LOAD R7 80
DIV R8 Re R0
LOAD R1f 100
DIV R17 R0 R18
LOAD R1d 180
MUL R1b R16 R10
LOAD R9 200
MUL R19 Ra R8
LOAD R6 0
MUL R0 R1f R1f
LOAD R1f 80
STORE R1 9
LOAD R1a 100
LOAD R0 249
LOAD R1a 180
MUL R1c R1b R16
LOAD R3 200
ADD R17 R2 R8
LOAD R15 0
LOAD Rb 4e6
LOAD R19 80
MUL R2 R0 R1e
LOAD R1b 100
LOAD R10 1ce
LOAD Rf 180
LOAD Rc b5d
LOAD R1b 200
MUL R9 R1d R4
LOAD R8 0
STORE R1a 955
LOAD R14 80
LOAD R6 9a8
LOAD R18 100
DIV R17 R10 R1b
LOAD Re 180
SUB R11 R2 R14
LOAD R10 200
MUL R7 R1a R9
LOAD R9 0
SUB R3 R4 R1d
LOAD R17 80
ADD R5 R9 R1c
LOAD R14 100
STORE Ra bfb
LOAD R10 180
MUL R8 R12 R16
LOAD R2 200
ADD R0 Ra R7
LOAD R17 0
DIV R3 R1a Rb
LOAD R12 80
STORE R1d 926
LOAD Rd 100
ADD Rc R1d R1e
LOAD R2 180
LOAD R12 7e7
LOAD R1b 200
LOAD R5 239
LOAD R15 0
STORE R1e c2d
LOAD R1e 80
LOAD R19 79b
LOAD R1 100
ADD R1e Rc R10
LOAD Rd 180
LOAD R14 357
LOAD R0 200
MUL R5 Rd R11
LOAD Rd 0
STORE R1b 5f0
LOAD R1c 80
MUL R15 R18 R13
LOAD Rc 100
SUB R4 R17 R17
LOAD R14 180
MUL R16 Re R6
LOAD R1c 200
LOAD R15 5e2
